<?xml version="1.0" encoding="UTF-8"?>
<!-- Generated by org.testng.reporters.JUnitReportReporter -->
<testsuite skipped="0" hostname="Ramas-MacBook-Pro.local" name="TestNG.ParallelExecution1$ParallelExecution" tests="3" failures="0" timestamp="2020-06-03T12:12:19 PDT" time="0.003" errors="0">
  <testcase name="testcase5" time="0.001" classname="TestNG.ParallelExecution1$ParallelExecution"/>
  <system-out/>
  <testcase name="testcase4" time="0.001" classname="TestNG.ParallelExecution1$ParallelExecution"/>
  <system-out/>
  <testcase name="testcase6" time="0.001" classname="TestNG.ParallelExecution1$ParallelExecution"/>
  <system-out/>
</testsuite> <!-- TestNG.ParallelExecution1$ParallelExecution -->
