<?xml version="1.0" encoding="UTF-8"?>
<!-- Generated by org.testng.reporters.JUnitReportReporter -->
<testsuite skipped="0" hostname="Ramas-MacBook-Pro.local" name="TestNG.HRMcallWrapperTNG" tests="2" failures="0" timestamp="2020-06-07T22:08:59 PDT" time="2.900" errors="0">
  <testcase name="login" time="1.523" classname="TestNG.HRMcallWrapperTNG"/>
  <system-out/>
  <testcase name="admin" time="1.377" classname="TestNG.HRMcallWrapperTNG"/>
  <system-out/>
</testsuite> <!-- TestNG.HRMcallWrapperTNG -->
