<?xml version="1.0" encoding="UTF-8"?>
<!-- Generated by org.testng.reporters.JUnitReportReporter -->
<testsuite skipped="0" hostname="Ramas-MacBook-Pro.local" name="TestNG.Testcase" tests="3" failures="0" timestamp="2020-06-03T12:12:19 PDT" time="0.011" errors="0">
  <testcase name="testcase3" time="0.002" classname="TestNG.Testcase"/>
  <system-out/>
  <testcase name="testcase2" time="0.002" classname="TestNG.Testcase"/>
  <system-out/>
  <testcase name="testcase1" time="0.007" classname="TestNG.Testcase"/>
  <system-out/>
</testsuite> <!-- TestNG.Testcase -->
