<?xml version="1.0" encoding="UTF-8"?>
<!-- Generated by org.testng.reporters.JUnitReportReporter -->
<testsuite skipped="0" hostname="Ramas-MacBook-Pro.local" name="TestNG.DependsOnGroups" tests="3" failures="0" timestamp="2020-06-04T15:17:59 PDT" time="0.012" errors="0">
  <testcase name="login" time="0.010" classname="TestNG.DependsOnGroups"/>
  <system-out/>
  <testcase name="search" time="0.001" classname="TestNG.DependsOnGroups"/>
  <system-out/>
  <testcase name="logout" time="0.001" classname="TestNG.DependsOnGroups"/>
  <system-out/>
</testsuite> <!-- TestNG.DependsOnGroups -->
