<?xml version="1.0" encoding="UTF-8"?>
<!-- Generated by org.testng.reporters.JUnitReportReporter -->
<testsuite skipped="0" hostname="Ramas-MacBook-Pro.local" name="TestNG.HRMcallWrapperTNG" tests="2" failures="0" timestamp="2020-06-04T15:24:27 PDT" time="3.320" errors="0">
  <testcase name="login" time="1.654" classname="TestNG.HRMcallWrapperTNG"/>
  <system-out/>
  <testcase name="admin" time="1.666" classname="TestNG.HRMcallWrapperTNG"/>
  <system-out/>
</testsuite> <!-- TestNG.HRMcallWrapperTNG -->
