<?xml version="1.0" encoding="UTF-8"?>
<!-- Generated by org.testng.reporters.JUnitReportReporter -->
<testsuite skipped="0" hostname="Ramas-MacBook-Pro.local" name="practice.RESTApiTest" tests="2" failures="0" timestamp="2020-06-07T10:02:24 PDT" time="0.000" errors="0">
  <testcase name="deleteTwitter" time="0.000" classname="practice.RESTApiTest"/>
  <system-out/>
  <testcase name="postJira" time="0.000" classname="practice.RESTApiTest"/>
  <system-out/>
</testsuite> <!-- practice.RESTApiTest -->
