<?xml version="1.0" encoding="UTF-8"?>
<!-- Generated by org.testng.reporters.JUnitReportReporter -->
<testsuite skipped="0" hostname="Ramas-MacBook-Pro.local" name="practice.SeleniumTest" tests="3" failures="0" timestamp="2020-06-07T10:02:24 PDT" time="7.737" errors="0">
  <testcase name="BrowserAutomation" time="0.000" classname="practice.SeleniumTest"/>
  <system-out/>
  <testcase name="ElementsUi" time="0.000" classname="practice.SeleniumTest"/>
  <system-out/>
  <testcase name="FirefoxAutomation" time="7.737" classname="practice.SeleniumTest"/>
  <system-out/>
</testsuite> <!-- practice.SeleniumTest -->
