<?xml version="1.0" encoding="UTF-8"?>
<!-- Generated by org.testng.reporters.JUnitReportReporter -->
<testsuite skipped="0" hostname="Ramas-MacBook-Pro.local" name="practice.AppiumTest" tests="2" failures="0" timestamp="2020-06-07T10:02:24 PDT" time="0.004" errors="0">
  <testcase name="NativeAppAndroid" time="0.000" classname="practice.AppiumTest"/>
  <system-out/>
  <testcase name="IOSApps" time="0.004" classname="practice.AppiumTest"/>
  <system-out/>
</testsuite> <!-- practice.AppiumTest -->
