<?xml version="1.0" encoding="UTF-8"?>
<!-- Generated by org.testng.reporters.JUnitReportReporter -->
<testsuite skipped="0" hostname="Ramas-MacBook-Pro.local" name="practice.SeleniumTest" tests="2" failures="0" timestamp="2020-06-07T09:50:20 PDT" time="0.010" errors="0">
  <testcase name="BrowserAutomation" time="0.008" classname="practice.SeleniumTest"/>
  <system-out/>
  <testcase name="ElementsUi" time="0.002" classname="practice.SeleniumTest"/>
  <system-out/>
</testsuite> <!-- practice.SeleniumTest -->
