<?xml version="1.0" encoding="UTF-8"?>
<!-- Generated by org.testng.reporters.JUnitReportReporter -->
<testsuite skipped="0" hostname="Ramas-MacBook-Pro.local" name="practice.SeleniumJava" tests="2" failures="0" timestamp="2020-06-07T00:38:59 PDT" time="0.009" errors="0">
  <testcase name="ElementsUi" time="0.001" classname="practice.SeleniumJava"/>
  <system-out/>
  <testcase name="BrowserAutomation" time="0.008" classname="practice.SeleniumJava"/>
  <system-out/>
</testsuite> <!-- practice.SeleniumJava -->
